[ 2016-11-18 16:16:27 ][NORMAL][Type] Exception [Info] Request URI / is not Matched by any route. [Line] /Users/changle/Documents/htdocs/api/blog/vendor/kokororin/kotori-php/src/Http/Route.php [File] 175
[ 2016-11-18 16:19:56 ][NORMAL][Type] Exception [Info] SQLSTATE[HY000] [1045] Access denied for user 'honoka'@'localhost' (using password: YES) [Line] /Users/changle/Documents/htdocs/api/blog/vendor/catfan/medoo/medoo.php [File] 150
[ 2016-11-18 16:21:04 ][NORMAL][Type] Exception [Info] SQLSTATE[HY000] [1045] Access denied for user 'honoka'@'localhost' (using password: YES) [Line] /Users/changle/Documents/htdocs/api/blog/vendor/catfan/medoo/medoo.php [File] 150
[ 2016-11-18 16:21:26 ][NORMAL][Type] Exception [Info] SQLSTATE[HY000] [1045] Access denied for user 'honoka'@'localhost' (using password: YES) [Line] /Users/changle/Documents/htdocs/api/blog/vendor/catfan/medoo/medoo.php [File] 150
[ 2016-11-18 16:21:37 ][NORMAL][Type] Exception [Info] Request URI / is not Matched by any route. [Line] /Users/changle/Documents/htdocs/api/blog/vendor/kokororin/kotori-php/src/Http/Route.php [File] 175
[ 2016-11-18 16:21:53 ][NORMAL][Type] Exception [Info] SQLSTATE[HY000] [1045] Access denied for user 'honoka'@'localhost' (using password: YES) [Line] /Users/changle/Documents/htdocs/api/blog/vendor/catfan/medoo/medoo.php [File] 150
[ 2016-11-18 16:22:27 ][NORMAL][Type] Exception [Info] SQLSTATE[HY000] [1045] Access denied for user 'honoka'@'localhost' (using password: YES) [Line] /Users/changle/Documents/htdocs/api/blog/vendor/catfan/medoo/medoo.php [File] 150
[ 2016-11-18 16:23:02 ][NORMAL][Type] Exception [Info] SQLSTATE[HY000] [1049] Unknown database 'honoka' [Line] /Users/changle/Documents/htdocs/api/blog/vendor/catfan/medoo/medoo.php [File] 150
[ 2016-11-18 16:23:07 ][NORMAL][Type] Run time notice caused due to error in code. [Info] Undefined index: HTTP_VERSION [Line] 41 [File] /Users/changle/Documents/htdocs/api/blog/app/controllers/Base.php
[ 2016-11-18 16:23:07 ][NORMAL][Type] Run-time warning that does not cause script termination. [Info] array_walk_recursive() expects parameter 2 to be a valid callback, class 'Request' not found [Line] 232 [File] /Users/changle/Documents/htdocs/api/blog/vendor/kokororin/kotori-php/src/Http/Request.php
[ 2016-11-18 16:23:07 ][NORMAL][Type] Run time notice caused due to error in code. [Info] Undefined index: HTTP_AUTH_TOKEN [Line] 63 [File] /Users/changle/Documents/htdocs/api/blog/app/controllers/Base.php
[ 2016-11-18 16:23:07 ][NORMAL][Type] Run-time notices. [Info] Declaration of Category_model::has() should be compatible with Base_model::has($table, $where) [Line] 3 [File] /Users/changle/Documents/htdocs/api/blog/app/models/Category_model.php
[ 2016-11-18 16:23:07 ][NORMAL][Type] Run-time notices. [Info] Declaration of Category_model::update() should be compatible with Base_model::update($table, $data, $where = Array) [Line] 3 [File] /Users/changle/Documents/htdocs/api/blog/app/models/Category_model.php
[ 2016-11-18 16:23:07 ][SQL]SELECT EXISTS(SELECT 1 FROM "category" WHERE "id" = '3')
[ 2016-11-18 16:23:07 ][NORMAL][Type] Run-time notices. [Info] Declaration of Article_model::has() should be compatible with Base_model::has($table, $where) [Line] 343 [File] /Users/changle/Documents/htdocs/api/blog/app/models/Article_model.php
[ 2016-11-18 16:23:07 ][NORMAL][Type] Run-time notices. [Info] Declaration of Article_model::insert() should be compatible with Base_model::insert($table, $data) [Line] 343 [File] /Users/changle/Documents/htdocs/api/blog/app/models/Article_model.php
[ 2016-11-18 16:23:07 ][NORMAL][Type] Run-time notices. [Info] Declaration of Article_model::update() should be compatible with Base_model::update($table, $data, $where = Array) [Line] 343 [File] /Users/changle/Documents/htdocs/api/blog/app/models/Article_model.php
[ 2016-11-18 16:23:07 ][NORMAL][Type] Run-time notices. [Info] Declaration of Article_model::select() should be compatible with Base_model::select($table, $columns, $where = Array) [Line] 343 [File] /Users/changle/Documents/htdocs/api/blog/app/models/Article_model.php
[ 2016-11-18 16:23:07 ][NORMAL][Type] Run time notice caused due to error in code. [Info] Constant DEFAULT_CATEGORY_ID already defined [Line] 9 [File] /Users/changle/Documents/htdocs/api/blog/app/models/Base_model.php
[ 2016-11-18 16:23:07 ][SQL]SELECT "id","title","body","cover","profile","created_at","updated_at","user_id" FROM "articles" WHERE "category_id" = '3' ORDER BY "created_at" DESC
[ 2016-11-18 16:23:12 ][NORMAL][Type] Run time notice caused due to error in code. [Info] Undefined index: HTTP_VERSION [Line] 41 [File] /Users/changle/Documents/htdocs/api/blog/app/controllers/Base.php
[ 2016-11-18 16:23:12 ][NORMAL][Type] Run-time warning that does not cause script termination. [Info] array_walk_recursive() expects parameter 2 to be a valid callback, class 'Request' not found [Line] 232 [File] /Users/changle/Documents/htdocs/api/blog/vendor/kokororin/kotori-php/src/Http/Request.php
[ 2016-11-18 16:23:12 ][NORMAL][Type] Run time notice caused due to error in code. [Info] Undefined index: HTTP_AUTH_TOKEN [Line] 63 [File] /Users/changle/Documents/htdocs/api/blog/app/controllers/Base.php
[ 2016-11-18 16:23:12 ][NORMAL][Type] Run-time notices. [Info] Declaration of Category_model::has() should be compatible with Base_model::has($table, $where) [Line] 3 [File] /Users/changle/Documents/htdocs/api/blog/app/models/Category_model.php
[ 2016-11-18 16:23:12 ][NORMAL][Type] Run-time notices. [Info] Declaration of Category_model::update() should be compatible with Base_model::update($table, $data, $where = Array) [Line] 3 [File] /Users/changle/Documents/htdocs/api/blog/app/models/Category_model.php
[ 2016-11-18 16:23:12 ][SQL]SELECT EXISTS(SELECT 1 FROM "category" WHERE "id" = '3')
[ 2016-11-18 16:23:12 ][NORMAL][Type] Run-time notices. [Info] Declaration of Article_model::has() should be compatible with Base_model::has($table, $where) [Line] 343 [File] /Users/changle/Documents/htdocs/api/blog/app/models/Article_model.php
[ 2016-11-18 16:23:12 ][NORMAL][Type] Run-time notices. [Info] Declaration of Article_model::insert() should be compatible with Base_model::insert($table, $data) [Line] 343 [File] /Users/changle/Documents/htdocs/api/blog/app/models/Article_model.php
[ 2016-11-18 16:23:12 ][NORMAL][Type] Run-time notices. [Info] Declaration of Article_model::update() should be compatible with Base_model::update($table, $data, $where = Array) [Line] 343 [File] /Users/changle/Documents/htdocs/api/blog/app/models/Article_model.php
[ 2016-11-18 16:23:12 ][NORMAL][Type] Run-time notices. [Info] Declaration of Article_model::select() should be compatible with Base_model::select($table, $columns, $where = Array) [Line] 343 [File] /Users/changle/Documents/htdocs/api/blog/app/models/Article_model.php
[ 2016-11-18 16:23:12 ][NORMAL][Type] Run time notice caused due to error in code. [Info] Constant DEFAULT_CATEGORY_ID already defined [Line] 9 [File] /Users/changle/Documents/htdocs/api/blog/app/models/Base_model.php
[ 2016-11-18 16:23:12 ][SQL]SELECT "id","title","body","cover","profile","created_at","updated_at","user_id" FROM "articles" WHERE "category_id" = '3' ORDER BY "created_at" DESC
[ 2016-11-18 16:33:00 ][NORMAL][Type] Run time notice caused due to error in code. [Info] Undefined index: HTTP_VERSION [Line] 41 [File] /Users/changle/Documents/htdocs/api/blog/app/controllers/Base.php
[ 2016-11-18 16:33:00 ][NORMAL][Type] Run-time warning that does not cause script termination. [Info] array_walk_recursive() expects parameter 2 to be a valid callback, class 'Request' not found [Line] 232 [File] /Users/changle/Documents/htdocs/api/blog/vendor/kokororin/kotori-php/src/Http/Request.php
[ 2016-11-18 16:33:00 ][NORMAL][Type] Run time notice caused due to error in code. [Info] Undefined index: HTTP_AUTH_TOKEN [Line] 63 [File] /Users/changle/Documents/htdocs/api/blog/app/controllers/Base.php
[ 2016-11-18 16:33:00 ][NORMAL][Type] Run-time notices. [Info] Declaration of Category_model::has() should be compatible with Base_model::has($table, $where) [Line] 3 [File] /Users/changle/Documents/htdocs/api/blog/app/models/Category_model.php
[ 2016-11-18 16:33:00 ][NORMAL][Type] Run-time notices. [Info] Declaration of Category_model::update() should be compatible with Base_model::update($table, $data, $where = Array) [Line] 3 [File] /Users/changle/Documents/htdocs/api/blog/app/models/Category_model.php
[ 2016-11-18 16:33:00 ][SQL]SELECT EXISTS(SELECT 1 FROM "category" WHERE "id" = '3')
[ 2016-11-18 16:33:00 ][NORMAL][Type] Run-time notices. [Info] Declaration of Article_model::has() should be compatible with Base_model::has($table, $where) [Line] 343 [File] /Users/changle/Documents/htdocs/api/blog/app/models/Article_model.php
[ 2016-11-18 16:33:00 ][NORMAL][Type] Run-time notices. [Info] Declaration of Article_model::insert() should be compatible with Base_model::insert($table, $data) [Line] 343 [File] /Users/changle/Documents/htdocs/api/blog/app/models/Article_model.php
[ 2016-11-18 16:33:00 ][NORMAL][Type] Run-time notices. [Info] Declaration of Article_model::update() should be compatible with Base_model::update($table, $data, $where = Array) [Line] 343 [File] /Users/changle/Documents/htdocs/api/blog/app/models/Article_model.php
[ 2016-11-18 16:33:00 ][NORMAL][Type] Run-time notices. [Info] Declaration of Article_model::select() should be compatible with Base_model::select($table, $columns, $where = Array) [Line] 343 [File] /Users/changle/Documents/htdocs/api/blog/app/models/Article_model.php
[ 2016-11-18 16:33:00 ][NORMAL][Type] Run time notice caused due to error in code. [Info] Constant DEFAULT_CATEGORY_ID already defined [Line] 9 [File] /Users/changle/Documents/htdocs/api/blog/app/models/Base_model.php
[ 2016-11-18 16:33:00 ][SQL]SELECT "id","title","body","cover","profile","created_at","updated_at","user_id" FROM "articles" WHERE "category_id" = '3' ORDER BY "created_at" DESC
[ 2016-11-18 16:34:19 ][NORMAL][Type] Run time notice caused due to error in code. [Info] Undefined index: HTTP_VERSION [Line] 41 [File] /Users/changle/Documents/htdocs/api/blog/app/controllers/Base.php
[ 2016-11-18 16:34:19 ][NORMAL][Type] Run-time warning that does not cause script termination. [Info] array_walk_recursive() expects parameter 2 to be a valid callback, class 'Request' not found [Line] 232 [File] /Users/changle/Documents/htdocs/api/blog/vendor/kokororin/kotori-php/src/Http/Request.php
[ 2016-11-18 16:34:19 ][NORMAL][Type] Run time notice caused due to error in code. [Info] Undefined index: HTTP_AUTH_TOKEN [Line] 63 [File] /Users/changle/Documents/htdocs/api/blog/app/controllers/Base.php
[ 2016-11-18 16:34:19 ][NORMAL][Type] Run-time notices. [Info] Declaration of Category_model::has() should be compatible with Base_model::has($table, $where) [Line] 3 [File] /Users/changle/Documents/htdocs/api/blog/app/models/Category_model.php
[ 2016-11-18 16:34:19 ][NORMAL][Type] Run-time notices. [Info] Declaration of Category_model::update() should be compatible with Base_model::update($table, $data, $where = Array) [Line] 3 [File] /Users/changle/Documents/htdocs/api/blog/app/models/Category_model.php
[ 2016-11-18 16:34:19 ][SQL]SELECT EXISTS(SELECT 1 FROM "category" WHERE "id" = '3')
[ 2016-11-18 16:34:19 ][NORMAL][Type] Run-time notices. [Info] Declaration of Article_model::has() should be compatible with Base_model::has($table, $where) [Line] 343 [File] /Users/changle/Documents/htdocs/api/blog/app/models/Article_model.php
[ 2016-11-18 16:34:19 ][NORMAL][Type] Run-time notices. [Info] Declaration of Article_model::insert() should be compatible with Base_model::insert($table, $data) [Line] 343 [File] /Users/changle/Documents/htdocs/api/blog/app/models/Article_model.php
[ 2016-11-18 16:34:19 ][NORMAL][Type] Run-time notices. [Info] Declaration of Article_model::update() should be compatible with Base_model::update($table, $data, $where = Array) [Line] 343 [File] /Users/changle/Documents/htdocs/api/blog/app/models/Article_model.php
[ 2016-11-18 16:34:19 ][NORMAL][Type] Run-time notices. [Info] Declaration of Article_model::select() should be compatible with Base_model::select($table, $columns, $where = Array) [Line] 343 [File] /Users/changle/Documents/htdocs/api/blog/app/models/Article_model.php
[ 2016-11-18 16:34:19 ][NORMAL][Type] Run time notice caused due to error in code. [Info] Constant DEFAULT_CATEGORY_ID already defined [Line] 9 [File] /Users/changle/Documents/htdocs/api/blog/app/models/Base_model.php
[ 2016-11-18 16:34:19 ][SQL]SELECT "id","title","body","cover","profile","created_at","updated_at","user_id" FROM "articles" WHERE "category_id" = '3' ORDER BY "created_at" DESC
[ 2016-11-18 16:34:37 ][NORMAL][Type] Run time notice caused due to error in code. [Info] Undefined index: HTTP_VERSION [Line] 41 [File] /Users/changle/Documents/htdocs/api/blog/app/controllers/Base.php
[ 2016-11-18 16:34:37 ][NORMAL][Type] Run-time warning that does not cause script termination. [Info] array_walk_recursive() expects parameter 2 to be a valid callback, class 'Request' not found [Line] 232 [File] /Users/changle/Documents/htdocs/api/blog/vendor/kokororin/kotori-php/src/Http/Request.php
[ 2016-11-18 16:34:37 ][NORMAL][Type] Run time notice caused due to error in code. [Info] Undefined index: HTTP_AUTH_TOKEN [Line] 63 [File] /Users/changle/Documents/htdocs/api/blog/app/controllers/Base.php
[ 2016-11-18 16:34:37 ][NORMAL][Type] Run-time notices. [Info] Declaration of Category_model::has() should be compatible with Base_model::has($table, $where) [Line] 3 [File] /Users/changle/Documents/htdocs/api/blog/app/models/Category_model.php
[ 2016-11-18 16:34:37 ][NORMAL][Type] Run-time notices. [Info] Declaration of Category_model::update() should be compatible with Base_model::update($table, $data, $where = Array) [Line] 3 [File] /Users/changle/Documents/htdocs/api/blog/app/models/Category_model.php
[ 2016-11-18 16:34:37 ][SQL]SELECT EXISTS(SELECT 1 FROM "category" WHERE "id" = '3')
[ 2016-11-18 16:34:37 ][NORMAL][Type] Run-time notices. [Info] Declaration of Article_model::has() should be compatible with Base_model::has($table, $where) [Line] 343 [File] /Users/changle/Documents/htdocs/api/blog/app/models/Article_model.php
[ 2016-11-18 16:34:37 ][NORMAL][Type] Run-time notices. [Info] Declaration of Article_model::insert() should be compatible with Base_model::insert($table, $data) [Line] 343 [File] /Users/changle/Documents/htdocs/api/blog/app/models/Article_model.php
[ 2016-11-18 16:34:37 ][NORMAL][Type] Run-time notices. [Info] Declaration of Article_model::update() should be compatible with Base_model::update($table, $data, $where = Array) [Line] 343 [File] /Users/changle/Documents/htdocs/api/blog/app/models/Article_model.php
[ 2016-11-18 16:34:37 ][NORMAL][Type] Run-time notices. [Info] Declaration of Article_model::select() should be compatible with Base_model::select($table, $columns, $where = Array) [Line] 343 [File] /Users/changle/Documents/htdocs/api/blog/app/models/Article_model.php
[ 2016-11-18 16:34:37 ][NORMAL][Type] Run time notice caused due to error in code. [Info] Constant DEFAULT_CATEGORY_ID already defined [Line] 9 [File] /Users/changle/Documents/htdocs/api/blog/app/models/Base_model.php
[ 2016-11-18 16:34:37 ][SQL]SELECT "id","title","body","cover","profile","created_at","updated_at","user_id" FROM "articles" WHERE "category_id" = '3' ORDER BY "created_at" DESC
[ 2016-11-18 16:34:53 ][NORMAL][Type] Run time notice caused due to error in code. [Info] Undefined index: HTTP_VERSION [Line] 41 [File] /Users/changle/Documents/htdocs/api/blog/app/controllers/Base.php
[ 2016-11-18 16:34:53 ][NORMAL][Type] Run-time warning that does not cause script termination. [Info] array_walk_recursive() expects parameter 2 to be a valid callback, class 'Request' not found [Line] 232 [File] /Users/changle/Documents/htdocs/api/blog/vendor/kokororin/kotori-php/src/Http/Request.php
[ 2016-11-18 16:34:53 ][NORMAL][Type] Run time notice caused due to error in code. [Info] Undefined index: HTTP_AUTH_TOKEN [Line] 63 [File] /Users/changle/Documents/htdocs/api/blog/app/controllers/Base.php
[ 2016-11-18 16:34:53 ][NORMAL][Type] Run-time notices. [Info] Declaration of Category_model::has() should be compatible with Base_model::has($table, $where) [Line] 3 [File] /Users/changle/Documents/htdocs/api/blog/app/models/Category_model.php
[ 2016-11-18 16:34:53 ][NORMAL][Type] Run-time notices. [Info] Declaration of Category_model::update() should be compatible with Base_model::update($table, $data, $where = Array) [Line] 3 [File] /Users/changle/Documents/htdocs/api/blog/app/models/Category_model.php
[ 2016-11-18 16:34:53 ][SQL]SELECT EXISTS(SELECT 1 FROM "category" WHERE "id" = '3')
[ 2016-11-18 16:34:53 ][NORMAL][Type] Run-time notices. [Info] Declaration of Article_model::has() should be compatible with Base_model::has($table, $where) [Line] 343 [File] /Users/changle/Documents/htdocs/api/blog/app/models/Article_model.php
[ 2016-11-18 16:34:53 ][NORMAL][Type] Run-time notices. [Info] Declaration of Article_model::insert() should be compatible with Base_model::insert($table, $data) [Line] 343 [File] /Users/changle/Documents/htdocs/api/blog/app/models/Article_model.php
[ 2016-11-18 16:34:53 ][NORMAL][Type] Run-time notices. [Info] Declaration of Article_model::update() should be compatible with Base_model::update($table, $data, $where = Array) [Line] 343 [File] /Users/changle/Documents/htdocs/api/blog/app/models/Article_model.php
[ 2016-11-18 16:34:53 ][NORMAL][Type] Run-time notices. [Info] Declaration of Article_model::select() should be compatible with Base_model::select($table, $columns, $where = Array) [Line] 343 [File] /Users/changle/Documents/htdocs/api/blog/app/models/Article_model.php
[ 2016-11-18 16:34:53 ][NORMAL][Type] Run time notice caused due to error in code. [Info] Constant DEFAULT_CATEGORY_ID already defined [Line] 9 [File] /Users/changle/Documents/htdocs/api/blog/app/models/Base_model.php
[ 2016-11-18 16:34:53 ][SQL]SELECT "id","title","body","cover","profile","created_at","updated_at","user_id" FROM "articles" WHERE "category_id" = '3' ORDER BY "created_at" DESC
[ 2016-11-18 16:34:55 ][NORMAL][Type] Exception [Info] Request URI post/undefined is not Matched by any route. [Line] /Users/changle/Documents/htdocs/api/blog/vendor/kokororin/kotori-php/src/Http/Route.php [File] 175
[ 2016-11-18 16:34:55 ][NORMAL][Type] Exception [Info] Request URI comments/undefined is not Matched by any route. [Line] /Users/changle/Documents/htdocs/api/blog/vendor/kokororin/kotori-php/src/Http/Route.php [File] 175
[ 2016-11-18 16:35:40 ][NORMAL][Type] Exception [Info] Request URI comments/undefined is not Matched by any route. [Line] /Users/changle/Documents/htdocs/api/blog/vendor/kokororin/kotori-php/src/Http/Route.php [File] 175
[ 2016-11-18 16:35:40 ][NORMAL][Type] Exception [Info] Request URI post/undefined is not Matched by any route. [Line] /Users/changle/Documents/htdocs/api/blog/vendor/kokororin/kotori-php/src/Http/Route.php [File] 175
[ 2016-11-18 16:35:41 ][NORMAL][Type] Exception [Info] Request URI post/undefined is not Matched by any route. [Line] /Users/changle/Documents/htdocs/api/blog/vendor/kokororin/kotori-php/src/Http/Route.php [File] 175
[ 2016-11-18 16:35:41 ][NORMAL][Type] Exception [Info] Request URI comments/undefined is not Matched by any route. [Line] /Users/changle/Documents/htdocs/api/blog/vendor/kokororin/kotori-php/src/Http/Route.php [File] 175
[ 2016-11-18 16:39:16 ][NORMAL][Type] Exception [Info] Request URI comments/undefined is not Matched by any route. [Line] /Users/changle/Documents/htdocs/api/blog/vendor/kokororin/kotori-php/src/Http/Route.php [File] 175
[ 2016-11-18 16:39:26 ][NORMAL][Type] Exception [Info] Request URI comments/undefined is not Matched by any route. [Line] /Users/changle/Documents/htdocs/api/blog/vendor/kokororin/kotori-php/src/Http/Route.php [File] 175
[ 2016-11-18 16:43:40 ][NORMAL][Type] Run time notice caused due to error in code. [Info] Undefined index: HTTP_VERSION [Line] 41 [File] /Users/changle/Documents/htdocs/api/blog/app/controllers/Base.php
[ 2016-11-18 16:43:40 ][NORMAL][Type] Run-time warning that does not cause script termination. [Info] array_walk_recursive() expects parameter 2 to be a valid callback, class 'Request' not found [Line] 232 [File] /Users/changle/Documents/htdocs/api/blog/vendor/kokororin/kotori-php/src/Http/Request.php
[ 2016-11-18 16:43:40 ][NORMAL][Type] Run time notice caused due to error in code. [Info] Undefined index: HTTP_AUTH_TOKEN [Line] 63 [File] /Users/changle/Documents/htdocs/api/blog/app/controllers/Base.php
[ 2016-11-18 16:43:40 ][NORMAL][Type] Run-time notices. [Info] Declaration of Category_model::has() should be compatible with Base_model::has($table, $where) [Line] 3 [File] /Users/changle/Documents/htdocs/api/blog/app/models/Category_model.php
[ 2016-11-18 16:43:40 ][NORMAL][Type] Run-time notices. [Info] Declaration of Category_model::update() should be compatible with Base_model::update($table, $data, $where = Array) [Line] 3 [File] /Users/changle/Documents/htdocs/api/blog/app/models/Category_model.php
[ 2016-11-18 16:43:40 ][SQL]SELECT EXISTS(SELECT 1 FROM "category" WHERE "id" = '3')
[ 2016-11-18 16:43:40 ][NORMAL][Type] Run-time notices. [Info] Declaration of Article_model::has() should be compatible with Base_model::has($table, $where) [Line] 343 [File] /Users/changle/Documents/htdocs/api/blog/app/models/Article_model.php
[ 2016-11-18 16:43:40 ][NORMAL][Type] Run-time notices. [Info] Declaration of Article_model::insert() should be compatible with Base_model::insert($table, $data) [Line] 343 [File] /Users/changle/Documents/htdocs/api/blog/app/models/Article_model.php
[ 2016-11-18 16:43:40 ][NORMAL][Type] Run-time notices. [Info] Declaration of Article_model::update() should be compatible with Base_model::update($table, $data, $where = Array) [Line] 343 [File] /Users/changle/Documents/htdocs/api/blog/app/models/Article_model.php
[ 2016-11-18 16:43:40 ][NORMAL][Type] Run-time notices. [Info] Declaration of Article_model::select() should be compatible with Base_model::select($table, $columns, $where = Array) [Line] 343 [File] /Users/changle/Documents/htdocs/api/blog/app/models/Article_model.php
[ 2016-11-18 16:43:40 ][NORMAL][Type] Run time notice caused due to error in code. [Info] Constant DEFAULT_CATEGORY_ID already defined [Line] 9 [File] /Users/changle/Documents/htdocs/api/blog/app/models/Base_model.php
[ 2016-11-18 16:43:40 ][SQL]SELECT "id","title","body","cover","profile","created_at","updated_at","user_id" FROM "articles" WHERE "category_id" = '3' ORDER BY "created_at" DESC
[ 2016-11-18 16:44:25 ][NORMAL][Type] Run time notice caused due to error in code. [Info] Undefined index: HTTP_VERSION [Line] 41 [File] /Users/changle/Documents/htdocs/api/blog/app/controllers/Base.php
[ 2016-11-18 16:44:25 ][NORMAL][Type] Run-time warning that does not cause script termination. [Info] array_walk_recursive() expects parameter 2 to be a valid callback, class 'Request' not found [Line] 232 [File] /Users/changle/Documents/htdocs/api/blog/vendor/kokororin/kotori-php/src/Http/Request.php
[ 2016-11-18 16:44:25 ][NORMAL][Type] Run time notice caused due to error in code. [Info] Undefined index: HTTP_AUTH_TOKEN [Line] 63 [File] /Users/changle/Documents/htdocs/api/blog/app/controllers/Base.php
[ 2016-11-18 16:44:25 ][NORMAL][Type] Run-time notices. [Info] Declaration of Category_model::has() should be compatible with Base_model::has($table, $where) [Line] 3 [File] /Users/changle/Documents/htdocs/api/blog/app/models/Category_model.php
[ 2016-11-18 16:44:25 ][NORMAL][Type] Run-time notices. [Info] Declaration of Category_model::update() should be compatible with Base_model::update($table, $data, $where = Array) [Line] 3 [File] /Users/changle/Documents/htdocs/api/blog/app/models/Category_model.php
[ 2016-11-18 16:44:25 ][SQL]SELECT EXISTS(SELECT 1 FROM "category" WHERE "id" = '1')
[ 2016-11-18 16:44:25 ][NORMAL][Type] Run-time notices. [Info] Declaration of Article_model::has() should be compatible with Base_model::has($table, $where) [Line] 343 [File] /Users/changle/Documents/htdocs/api/blog/app/models/Article_model.php
[ 2016-11-18 16:44:25 ][NORMAL][Type] Run-time notices. [Info] Declaration of Article_model::insert() should be compatible with Base_model::insert($table, $data) [Line] 343 [File] /Users/changle/Documents/htdocs/api/blog/app/models/Article_model.php
[ 2016-11-18 16:44:25 ][NORMAL][Type] Run-time notices. [Info] Declaration of Article_model::update() should be compatible with Base_model::update($table, $data, $where = Array) [Line] 343 [File] /Users/changle/Documents/htdocs/api/blog/app/models/Article_model.php
[ 2016-11-18 16:44:25 ][NORMAL][Type] Run-time notices. [Info] Declaration of Article_model::select() should be compatible with Base_model::select($table, $columns, $where = Array) [Line] 343 [File] /Users/changle/Documents/htdocs/api/blog/app/models/Article_model.php
[ 2016-11-18 16:44:25 ][NORMAL][Type] Run time notice caused due to error in code. [Info] Constant DEFAULT_CATEGORY_ID already defined [Line] 9 [File] /Users/changle/Documents/htdocs/api/blog/app/models/Base_model.php
[ 2016-11-18 16:44:25 ][SQL]SELECT "id","title","body","cover","profile","created_at","updated_at","user_id" FROM "articles" WHERE "category_id" = '1' ORDER BY "created_at" DESC
[ 2016-11-18 16:59:48 ][NORMAL][Type] Run time notice caused due to error in code. [Info] Undefined index: HTTP_VERSION [Line] 41 [File] /Users/changle/Documents/htdocs/api/blog/app/controllers/Base.php
[ 2016-11-18 16:59:48 ][NORMAL][Type] Run-time warning that does not cause script termination. [Info] array_walk_recursive() expects parameter 2 to be a valid callback, class 'Request' not found [Line] 232 [File] /Users/changle/Documents/htdocs/api/blog/vendor/kokororin/kotori-php/src/Http/Request.php
[ 2016-11-18 16:59:48 ][NORMAL][Type] Run time notice caused due to error in code. [Info] Undefined index: HTTP_AUTH_TOKEN [Line] 63 [File] /Users/changle/Documents/htdocs/api/blog/app/controllers/Base.php
[ 2016-11-18 16:59:48 ][NORMAL][Type] Run-time notices. [Info] Declaration of Category_model::has() should be compatible with Base_model::has($table, $where) [Line] 3 [File] /Users/changle/Documents/htdocs/api/blog/app/models/Category_model.php
[ 2016-11-18 16:59:48 ][NORMAL][Type] Run-time notices. [Info] Declaration of Category_model::update() should be compatible with Base_model::update($table, $data, $where = Array) [Line] 3 [File] /Users/changle/Documents/htdocs/api/blog/app/models/Category_model.php
[ 2016-11-18 16:59:48 ][SQL]SELECT EXISTS(SELECT 1 FROM "category" WHERE "id" = '3')
[ 2016-11-18 16:59:48 ][NORMAL][Type] Run-time notices. [Info] Declaration of Article_model::has() should be compatible with Base_model::has($table, $where) [Line] 343 [File] /Users/changle/Documents/htdocs/api/blog/app/models/Article_model.php
[ 2016-11-18 16:59:48 ][NORMAL][Type] Run-time notices. [Info] Declaration of Article_model::insert() should be compatible with Base_model::insert($table, $data) [Line] 343 [File] /Users/changle/Documents/htdocs/api/blog/app/models/Article_model.php
[ 2016-11-18 16:59:48 ][NORMAL][Type] Run-time notices. [Info] Declaration of Article_model::update() should be compatible with Base_model::update($table, $data, $where = Array) [Line] 343 [File] /Users/changle/Documents/htdocs/api/blog/app/models/Article_model.php
[ 2016-11-18 16:59:48 ][NORMAL][Type] Run-time notices. [Info] Declaration of Article_model::select() should be compatible with Base_model::select($table, $columns, $where = Array) [Line] 343 [File] /Users/changle/Documents/htdocs/api/blog/app/models/Article_model.php
[ 2016-11-18 16:59:48 ][NORMAL][Type] Run time notice caused due to error in code. [Info] Constant DEFAULT_CATEGORY_ID already defined [Line] 9 [File] /Users/changle/Documents/htdocs/api/blog/app/models/Base_model.php
[ 2016-11-18 16:59:48 ][SQL]SELECT "id","title","body","cover","profile","created_at","updated_at","user_id" FROM "articles" WHERE "category_id" = '3' ORDER BY "created_at" DESC
[ 2016-11-18 16:59:49 ][NORMAL][Type] Run time notice caused due to error in code. [Info] Undefined index: HTTP_VERSION [Line] 41 [File] /Users/changle/Documents/htdocs/api/blog/app/controllers/Base.php
[ 2016-11-18 16:59:49 ][NORMAL][Type] Run-time warning that does not cause script termination. [Info] array_walk_recursive() expects parameter 2 to be a valid callback, class 'Request' not found [Line] 232 [File] /Users/changle/Documents/htdocs/api/blog/vendor/kokororin/kotori-php/src/Http/Request.php
[ 2016-11-18 16:59:49 ][NORMAL][Type] Run time notice caused due to error in code. [Info] Undefined index: HTTP_VERSION [Line] 41 [File] /Users/changle/Documents/htdocs/api/blog/app/controllers/Base.php
[ 2016-11-18 16:59:49 ][NORMAL][Type] Run time notice caused due to error in code. [Info] Undefined index: HTTP_AUTH_TOKEN [Line] 63 [File] /Users/changle/Documents/htdocs/api/blog/app/controllers/Base.php
[ 2016-11-18 16:59:49 ][NORMAL][Type] Run-time warning that does not cause script termination. [Info] array_walk_recursive() expects parameter 2 to be a valid callback, class 'Request' not found [Line] 232 [File] /Users/changle/Documents/htdocs/api/blog/vendor/kokororin/kotori-php/src/Http/Request.php
[ 2016-11-18 16:59:49 ][NORMAL][Type] Run time notice caused due to error in code. [Info] Undefined index: HTTP_AUTH_TOKEN [Line] 63 [File] /Users/changle/Documents/htdocs/api/blog/app/controllers/Base.php
[ 2016-11-18 16:59:49 ][NORMAL][Type] Run-time notices. [Info] Declaration of Article_model::has() should be compatible with Base_model::has($table, $where) [Line] 3 [File] /Users/changle/Documents/htdocs/api/blog/app/models/Article_model.php
[ 2016-11-18 16:59:49 ][NORMAL][Type] Run-time notices. [Info] Declaration of Comment_model::insert() should be compatible with Base_model::insert($table, $data) [Line] 3 [File] /Users/changle/Documents/htdocs/api/blog/app/models/Comment_model.php
[ 2016-11-18 16:59:49 ][NORMAL][Type] Run-time notices. [Info] Declaration of Article_model::insert() should be compatible with Base_model::insert($table, $data) [Line] 3 [File] /Users/changle/Documents/htdocs/api/blog/app/models/Article_model.php
[ 2016-11-18 16:59:49 ][NORMAL][Type] Run-time notices. [Info] Declaration of Comment_model::select() should be compatible with Base_model::select($table, $columns, $where = Array) [Line] 3 [File] /Users/changle/Documents/htdocs/api/blog/app/models/Comment_model.php
[ 2016-11-18 16:59:49 ][NORMAL][Type] Run-time notices. [Info] Declaration of Article_model::update() should be compatible with Base_model::update($table, $data, $where = Array) [Line] 3 [File] /Users/changle/Documents/htdocs/api/blog/app/models/Article_model.php
[ 2016-11-18 16:59:49 ][NORMAL][Type] Run-time notices. [Info] Declaration of Article_model::has() should be compatible with Base_model::has($table, $where) [Line] 343 [File] /Users/changle/Documents/htdocs/api/blog/app/models/Article_model.php
[ 2016-11-18 16:59:49 ][NORMAL][Type] Run-time notices. [Info] Declaration of Article_model::select() should be compatible with Base_model::select($table, $columns, $where = Array) [Line] 3 [File] /Users/changle/Documents/htdocs/api/blog/app/models/Article_model.php
[ 2016-11-18 16:59:49 ][NORMAL][Type] Run-time notices. [Info] Declaration of Article_model::insert() should be compatible with Base_model::insert($table, $data) [Line] 343 [File] /Users/changle/Documents/htdocs/api/blog/app/models/Article_model.php
[ 2016-11-18 16:59:49 ][NORMAL][Type] Run-time notices. [Info] Declaration of Article_model::update() should be compatible with Base_model::update($table, $data, $where = Array) [Line] 343 [File] /Users/changle/Documents/htdocs/api/blog/app/models/Article_model.php
[ 2016-11-18 16:59:49 ][NORMAL][Type] Run-time notices. [Info] Declaration of Article_model::select() should be compatible with Base_model::select($table, $columns, $where = Array) [Line] 343 [File] /Users/changle/Documents/htdocs/api/blog/app/models/Article_model.php
[ 2016-11-18 16:59:49 ][SQL]SELECT EXISTS(SELECT 1 FROM "articles" WHERE "id" = '42')
[ 2016-11-18 16:59:49 ][NORMAL][Type] Run time notice caused due to error in code. [Info] Constant DEFAULT_CATEGORY_ID already defined [Line] 9 [File] /Users/changle/Documents/htdocs/api/blog/app/models/Base_model.php
[ 2016-11-18 16:59:49 ][SQL]SELECT EXISTS(SELECT 1 FROM "articles" WHERE "id" = '42')
[ 2016-11-18 16:59:49 ][SQL]SELECT "id","title","body","cover","profile","created_at","updated_at","user_id" FROM "articles" WHERE "id" = '42'
[ 2016-11-18 16:59:49 ][SQL]SELECT "comments_count" FROM "articles" WHERE "id" = '42'
[ 2016-11-18 16:59:49 ][SQL]SELECT "id","nickname","content","website","email" AS "avatar","created_at" FROM "comments" WHERE "article_id" = '42' ORDER BY "created_at" DESC LIMIT 0,6
[ 2016-11-18 17:00:27 ][NORMAL][Type] Run time notice caused due to error in code. [Info] Undefined index: HTTP_VERSION [Line] 41 [File] /Users/changle/Documents/htdocs/api/blog/app/controllers/Base.php
[ 2016-11-18 17:00:27 ][NORMAL][Type] Run-time warning that does not cause script termination. [Info] array_walk_recursive() expects parameter 2 to be a valid callback, class 'Request' not found [Line] 232 [File] /Users/changle/Documents/htdocs/api/blog/vendor/kokororin/kotori-php/src/Http/Request.php
[ 2016-11-18 17:00:27 ][NORMAL][Type] Run time notice caused due to error in code. [Info] Undefined index: HTTP_AUTH_TOKEN [Line] 63 [File] /Users/changle/Documents/htdocs/api/blog/app/controllers/Base.php
[ 2016-11-18 17:00:27 ][NORMAL][Type] Run-time notices. [Info] Declaration of Category_model::has() should be compatible with Base_model::has($table, $where) [Line] 3 [File] /Users/changle/Documents/htdocs/api/blog/app/models/Category_model.php
[ 2016-11-18 17:00:27 ][NORMAL][Type] Run-time notices. [Info] Declaration of Category_model::update() should be compatible with Base_model::update($table, $data, $where = Array) [Line] 3 [File] /Users/changle/Documents/htdocs/api/blog/app/models/Category_model.php
[ 2016-11-18 17:00:27 ][SQL]SELECT EXISTS(SELECT 1 FROM "category" WHERE "id" = '3')
[ 2016-11-18 17:00:27 ][NORMAL][Type] Run-time notices. [Info] Declaration of Article_model::has() should be compatible with Base_model::has($table, $where) [Line] 343 [File] /Users/changle/Documents/htdocs/api/blog/app/models/Article_model.php
[ 2016-11-18 17:00:27 ][NORMAL][Type] Run-time notices. [Info] Declaration of Article_model::insert() should be compatible with Base_model::insert($table, $data) [Line] 343 [File] /Users/changle/Documents/htdocs/api/blog/app/models/Article_model.php
[ 2016-11-18 17:00:27 ][NORMAL][Type] Run-time notices. [Info] Declaration of Article_model::update() should be compatible with Base_model::update($table, $data, $where = Array) [Line] 343 [File] /Users/changle/Documents/htdocs/api/blog/app/models/Article_model.php
[ 2016-11-18 17:00:27 ][NORMAL][Type] Run-time notices. [Info] Declaration of Article_model::select() should be compatible with Base_model::select($table, $columns, $where = Array) [Line] 343 [File] /Users/changle/Documents/htdocs/api/blog/app/models/Article_model.php
[ 2016-11-18 17:00:27 ][NORMAL][Type] Run time notice caused due to error in code. [Info] Constant DEFAULT_CATEGORY_ID already defined [Line] 9 [File] /Users/changle/Documents/htdocs/api/blog/app/models/Base_model.php
[ 2016-11-18 17:00:27 ][SQL]SELECT "id","title","body","cover","profile","created_at","updated_at","user_id" FROM "articles" WHERE "category_id" = '3' ORDER BY "created_at" DESC
[ 2016-11-18 17:01:07 ][NORMAL][Type] Run time notice caused due to error in code. [Info] Undefined index: HTTP_VERSION [Line] 41 [File] /Users/changle/Documents/htdocs/api/blog/app/controllers/Base.php
[ 2016-11-18 17:01:07 ][NORMAL][Type] Run-time warning that does not cause script termination. [Info] array_walk_recursive() expects parameter 2 to be a valid callback, class 'Request' not found [Line] 232 [File] /Users/changle/Documents/htdocs/api/blog/vendor/kokororin/kotori-php/src/Http/Request.php
[ 2016-11-18 17:01:07 ][NORMAL][Type] Run time notice caused due to error in code. [Info] Undefined index: HTTP_AUTH_TOKEN [Line] 63 [File] /Users/changle/Documents/htdocs/api/blog/app/controllers/Base.php
[ 2016-11-18 17:01:07 ][NORMAL][Type] Run-time notices. [Info] Declaration of Category_model::has() should be compatible with Base_model::has($table, $where) [Line] 3 [File] /Users/changle/Documents/htdocs/api/blog/app/models/Category_model.php
[ 2016-11-18 17:01:07 ][NORMAL][Type] Run-time notices. [Info] Declaration of Category_model::update() should be compatible with Base_model::update($table, $data, $where = Array) [Line] 3 [File] /Users/changle/Documents/htdocs/api/blog/app/models/Category_model.php
[ 2016-11-18 17:01:07 ][SQL]SELECT EXISTS(SELECT 1 FROM "category" WHERE "id" = '3')
[ 2016-11-18 17:01:07 ][NORMAL][Type] Run-time notices. [Info] Declaration of Article_model::has() should be compatible with Base_model::has($table, $where) [Line] 343 [File] /Users/changle/Documents/htdocs/api/blog/app/models/Article_model.php
[ 2016-11-18 17:01:07 ][NORMAL][Type] Run-time notices. [Info] Declaration of Article_model::insert() should be compatible with Base_model::insert($table, $data) [Line] 343 [File] /Users/changle/Documents/htdocs/api/blog/app/models/Article_model.php
[ 2016-11-18 17:01:07 ][NORMAL][Type] Run-time notices. [Info] Declaration of Article_model::update() should be compatible with Base_model::update($table, $data, $where = Array) [Line] 343 [File] /Users/changle/Documents/htdocs/api/blog/app/models/Article_model.php
[ 2016-11-18 17:01:07 ][NORMAL][Type] Run-time notices. [Info] Declaration of Article_model::select() should be compatible with Base_model::select($table, $columns, $where = Array) [Line] 343 [File] /Users/changle/Documents/htdocs/api/blog/app/models/Article_model.php
[ 2016-11-18 17:01:07 ][NORMAL][Type] Run time notice caused due to error in code. [Info] Constant DEFAULT_CATEGORY_ID already defined [Line] 9 [File] /Users/changle/Documents/htdocs/api/blog/app/models/Base_model.php
[ 2016-11-18 17:01:07 ][SQL]SELECT "id","title","body","cover","profile","created_at","updated_at","user_id" FROM "articles" WHERE "category_id" = '3' ORDER BY "created_at" DESC
[ 2016-11-18 17:01:08 ][NORMAL][Type] Run time notice caused due to error in code. [Info] Undefined index: HTTP_VERSION [Line] 41 [File] /Users/changle/Documents/htdocs/api/blog/app/controllers/Base.php
[ 2016-11-18 17:01:08 ][NORMAL][Type] Run time notice caused due to error in code. [Info] Undefined index: HTTP_VERSION [Line] 41 [File] /Users/changle/Documents/htdocs/api/blog/app/controllers/Base.php
[ 2016-11-18 17:01:08 ][NORMAL][Type] Run-time warning that does not cause script termination. [Info] array_walk_recursive() expects parameter 2 to be a valid callback, class 'Request' not found [Line] 232 [File] /Users/changle/Documents/htdocs/api/blog/vendor/kokororin/kotori-php/src/Http/Request.php
[ 2016-11-18 17:01:08 ][NORMAL][Type] Run-time warning that does not cause script termination. [Info] array_walk_recursive() expects parameter 2 to be a valid callback, class 'Request' not found [Line] 232 [File] /Users/changle/Documents/htdocs/api/blog/vendor/kokororin/kotori-php/src/Http/Request.php
[ 2016-11-18 17:01:08 ][NORMAL][Type] Run time notice caused due to error in code. [Info] Undefined index: HTTP_AUTH_TOKEN [Line] 63 [File] /Users/changle/Documents/htdocs/api/blog/app/controllers/Base.php
[ 2016-11-18 17:01:08 ][NORMAL][Type] Run time notice caused due to error in code. [Info] Undefined index: HTTP_AUTH_TOKEN [Line] 63 [File] /Users/changle/Documents/htdocs/api/blog/app/controllers/Base.php
[ 2016-11-18 17:01:08 ][NORMAL][Type] Run-time notices. [Info] Declaration of Article_model::has() should be compatible with Base_model::has($table, $where) [Line] 3 [File] /Users/changle/Documents/htdocs/api/blog/app/models/Article_model.php
[ 2016-11-18 17:01:08 ][NORMAL][Type] Run-time notices. [Info] Declaration of Comment_model::insert() should be compatible with Base_model::insert($table, $data) [Line] 3 [File] /Users/changle/Documents/htdocs/api/blog/app/models/Comment_model.php
[ 2016-11-18 17:01:08 ][NORMAL][Type] Run-time notices. [Info] Declaration of Article_model::insert() should be compatible with Base_model::insert($table, $data) [Line] 3 [File] /Users/changle/Documents/htdocs/api/blog/app/models/Article_model.php
[ 2016-11-18 17:01:08 ][NORMAL][Type] Run-time notices. [Info] Declaration of Article_model::update() should be compatible with Base_model::update($table, $data, $where = Array) [Line] 3 [File] /Users/changle/Documents/htdocs/api/blog/app/models/Article_model.php
[ 2016-11-18 17:01:08 ][NORMAL][Type] Run-time notices. [Info] Declaration of Comment_model::select() should be compatible with Base_model::select($table, $columns, $where = Array) [Line] 3 [File] /Users/changle/Documents/htdocs/api/blog/app/models/Comment_model.php
[ 2016-11-18 17:01:08 ][NORMAL][Type] Run-time notices. [Info] Declaration of Article_model::select() should be compatible with Base_model::select($table, $columns, $where = Array) [Line] 3 [File] /Users/changle/Documents/htdocs/api/blog/app/models/Article_model.php
[ 2016-11-18 17:01:08 ][SQL]SELECT EXISTS(SELECT 1 FROM "articles" WHERE "id" = '42')
[ 2016-11-18 17:01:08 ][NORMAL][Type] Run-time notices. [Info] Declaration of Article_model::has() should be compatible with Base_model::has($table, $where) [Line] 343 [File] /Users/changle/Documents/htdocs/api/blog/app/models/Article_model.php
[ 2016-11-18 17:01:08 ][NORMAL][Type] Run-time notices. [Info] Declaration of Article_model::insert() should be compatible with Base_model::insert($table, $data) [Line] 343 [File] /Users/changle/Documents/htdocs/api/blog/app/models/Article_model.php
[ 2016-11-18 17:01:08 ][NORMAL][Type] Run-time notices. [Info] Declaration of Article_model::update() should be compatible with Base_model::update($table, $data, $where = Array) [Line] 343 [File] /Users/changle/Documents/htdocs/api/blog/app/models/Article_model.php
[ 2016-11-18 17:01:08 ][NORMAL][Type] Run-time notices. [Info] Declaration of Article_model::select() should be compatible with Base_model::select($table, $columns, $where = Array) [Line] 343 [File] /Users/changle/Documents/htdocs/api/blog/app/models/Article_model.php
[ 2016-11-18 17:01:08 ][SQL]SELECT "id","title","body","cover","profile","created_at","updated_at","user_id" FROM "articles" WHERE "id" = '42'
[ 2016-11-18 17:01:08 ][NORMAL][Type] Run time notice caused due to error in code. [Info] Constant DEFAULT_CATEGORY_ID already defined [Line] 9 [File] /Users/changle/Documents/htdocs/api/blog/app/models/Base_model.php
[ 2016-11-18 17:01:08 ][SQL]SELECT EXISTS(SELECT 1 FROM "articles" WHERE "id" = '42')
[ 2016-11-18 17:01:08 ][SQL]SELECT "comments_count" FROM "articles" WHERE "id" = '42'
[ 2016-11-18 17:01:08 ][SQL]SELECT "id","nickname","content","website","email" AS "avatar","created_at" FROM "comments" WHERE "article_id" = '42' ORDER BY "created_at" DESC LIMIT 0,6
[ 2016-11-18 20:07:55 ][NORMAL][Type] Run time notice caused due to error in code. [Info] Undefined index: HTTP_VERSION [Line] 41 [File] /Users/changle/Documents/htdocs/api/blog/app/controllers/Base.php
[ 2016-11-18 20:07:55 ][NORMAL][Type] Run-time warning that does not cause script termination. [Info] array_walk_recursive() expects parameter 2 to be a valid callback, class 'Request' not found [Line] 232 [File] /Users/changle/Documents/htdocs/api/blog/vendor/kokororin/kotori-php/src/Http/Request.php
[ 2016-11-18 20:07:55 ][NORMAL][Type] Run time notice caused due to error in code. [Info] Undefined index: HTTP_AUTH_TOKEN [Line] 63 [File] /Users/changle/Documents/htdocs/api/blog/app/controllers/Base.php
[ 2016-11-18 20:07:55 ][NORMAL][Type] Run-time notices. [Info] Declaration of Category_model::has() should be compatible with Base_model::has($table, $where) [Line] 3 [File] /Users/changle/Documents/htdocs/api/blog/app/models/Category_model.php
[ 2016-11-18 20:07:55 ][NORMAL][Type] Run-time notices. [Info] Declaration of Category_model::update() should be compatible with Base_model::update($table, $data, $where = Array) [Line] 3 [File] /Users/changle/Documents/htdocs/api/blog/app/models/Category_model.php
[ 2016-11-18 20:07:55 ][SQL]SELECT EXISTS(SELECT 1 FROM "category" WHERE "id" = '3')
[ 2016-11-18 20:07:55 ][NORMAL][Type] Run-time notices. [Info] Declaration of Article_model::has() should be compatible with Base_model::has($table, $where) [Line] 343 [File] /Users/changle/Documents/htdocs/api/blog/app/models/Article_model.php
[ 2016-11-18 20:07:55 ][NORMAL][Type] Run-time notices. [Info] Declaration of Article_model::insert() should be compatible with Base_model::insert($table, $data) [Line] 343 [File] /Users/changle/Documents/htdocs/api/blog/app/models/Article_model.php
[ 2016-11-18 20:07:55 ][NORMAL][Type] Run-time notices. [Info] Declaration of Article_model::update() should be compatible with Base_model::update($table, $data, $where = Array) [Line] 343 [File] /Users/changle/Documents/htdocs/api/blog/app/models/Article_model.php
[ 2016-11-18 20:07:55 ][NORMAL][Type] Run-time notices. [Info] Declaration of Article_model::select() should be compatible with Base_model::select($table, $columns, $where = Array) [Line] 343 [File] /Users/changle/Documents/htdocs/api/blog/app/models/Article_model.php
[ 2016-11-18 20:07:55 ][NORMAL][Type] Run time notice caused due to error in code. [Info] Constant DEFAULT_CATEGORY_ID already defined [Line] 9 [File] /Users/changle/Documents/htdocs/api/blog/app/models/Base_model.php
[ 2016-11-18 20:07:55 ][SQL]SELECT "id","title","body","cover","profile","created_at","updated_at","user_id" FROM "articles" WHERE "category_id" = '3' ORDER BY "created_at" DESC
[ 2016-11-18 20:07:58 ][NORMAL][Type] Run time notice caused due to error in code. [Info] Undefined index: HTTP_VERSION [Line] 41 [File] /Users/changle/Documents/htdocs/api/blog/app/controllers/Base.php
[ 2016-11-18 20:07:58 ][NORMAL][Type] Run-time warning that does not cause script termination. [Info] array_walk_recursive() expects parameter 2 to be a valid callback, class 'Request' not found [Line] 232 [File] /Users/changle/Documents/htdocs/api/blog/vendor/kokororin/kotori-php/src/Http/Request.php
[ 2016-11-18 20:07:58 ][NORMAL][Type] Run time notice caused due to error in code. [Info] Undefined index: HTTP_AUTH_TOKEN [Line] 63 [File] /Users/changle/Documents/htdocs/api/blog/app/controllers/Base.php
[ 2016-11-18 20:07:58 ][NORMAL][Type] Run-time notices. [Info] Declaration of Category_model::has() should be compatible with Base_model::has($table, $where) [Line] 3 [File] /Users/changle/Documents/htdocs/api/blog/app/models/Category_model.php
[ 2016-11-18 20:07:58 ][NORMAL][Type] Run-time notices. [Info] Declaration of Category_model::update() should be compatible with Base_model::update($table, $data, $where = Array) [Line] 3 [File] /Users/changle/Documents/htdocs/api/blog/app/models/Category_model.php
[ 2016-11-18 20:07:58 ][SQL]SELECT EXISTS(SELECT 1 FROM "category" WHERE "id" = '1')
[ 2016-11-18 20:07:58 ][NORMAL][Type] Run-time notices. [Info] Declaration of Article_model::has() should be compatible with Base_model::has($table, $where) [Line] 343 [File] /Users/changle/Documents/htdocs/api/blog/app/models/Article_model.php
[ 2016-11-18 20:07:58 ][NORMAL][Type] Run-time notices. [Info] Declaration of Article_model::insert() should be compatible with Base_model::insert($table, $data) [Line] 343 [File] /Users/changle/Documents/htdocs/api/blog/app/models/Article_model.php
[ 2016-11-18 20:07:58 ][NORMAL][Type] Run-time notices. [Info] Declaration of Article_model::update() should be compatible with Base_model::update($table, $data, $where = Array) [Line] 343 [File] /Users/changle/Documents/htdocs/api/blog/app/models/Article_model.php
[ 2016-11-18 20:07:58 ][NORMAL][Type] Run-time notices. [Info] Declaration of Article_model::select() should be compatible with Base_model::select($table, $columns, $where = Array) [Line] 343 [File] /Users/changle/Documents/htdocs/api/blog/app/models/Article_model.php
[ 2016-11-18 20:07:58 ][NORMAL][Type] Run time notice caused due to error in code. [Info] Constant DEFAULT_CATEGORY_ID already defined [Line] 9 [File] /Users/changle/Documents/htdocs/api/blog/app/models/Base_model.php
[ 2016-11-18 20:07:58 ][SQL]SELECT "id","title","body","cover","profile","created_at","updated_at","user_id" FROM "articles" WHERE "category_id" = '1' ORDER BY "created_at" DESC
