[ 2016-11-26 10:18:09 ][NORMAL][Type] A fatal error that causes script termination. [Info] Class 'Base' not found [Line] /Users/changle/Documents/htdocs/api/blog/app/controllers/Article.php [File] 3
[ 2016-11-26 10:21:08 ][NORMAL][Type] A fatal error that causes script termination. [Info] Class 'Base' not found [Line] /Users/changle/Documents/htdocs/api/blog/app/controllers/Article.php [File] 3
[ 2016-11-26 10:21:10 ][NORMAL][Type] A fatal error that causes script termination. [Info] Class 'Base' not found [Line] /Users/changle/Documents/htdocs/api/blog/app/controllers/Article.php [File] 3
[ 2016-11-26 10:21:37 ][NORMAL][Type] A fatal error that causes script termination. [Info] Class 'Base' not found [Line] /Users/changle/Documents/htdocs/api/blog/app/controllers/Article.php [File] 3
[ 2016-11-26 10:22:28 ][NORMAL][Type] A fatal error that causes script termination. [Info] Class 'Base' not found [Line] /Users/changle/Documents/htdocs/api/blog/app/controllers/Article.php [File] 3
[ 2016-11-26 10:22:31 ][NORMAL][Type] A fatal error that causes script termination. [Info] Class 'Base' not found [Line] /Users/changle/Documents/htdocs/api/blog/app/controllers/Article.php [File] 3
[ 2016-11-26 10:22:56 ][NORMAL][Type] A fatal error that causes script termination. [Info] Class 'Base' not found [Line] /Users/changle/Documents/htdocs/api/blog/app/controllers/Article.php [File] 3
[ 2016-11-26 10:28:07 ][NORMAL][Type] A fatal error that causes script termination. [Info] Class 'Base' not found [Line] /Users/changle/Documents/htdocs/api/blog/app/controllers/Article.php [File] 3
[ 2016-11-26 10:28:13 ][NORMAL][Type] A fatal error that causes script termination. [Info] Class 'Base' not found [Line] /Users/changle/Documents/htdocs/api/blog/app/controllers/Article.php [File] 3
[ 2016-11-26 10:33:46 ][NORMAL][Type] Run time notice caused due to error in code. [Info] Undefined index: HTTP_VERSION [Line] 42 [File] /Users/changle/Documents/htdocs/api/blog/app/controllers/Base.php
[ 2016-11-26 10:33:46 ][NORMAL][Type] Run-time warning that does not cause script termination. [Info] array_walk_recursive() expects parameter 2 to be a valid callback, class 'Request' not found [Line] 232 [File] /Users/changle/Documents/htdocs/api/blog/vendor/kokororin/kotori-php/src/Http/Request.php
[ 2016-11-26 10:33:46 ][NORMAL][Type] Run time notice caused due to error in code. [Info] Undefined index: HTTP_AUTH_TOKEN [Line] 64 [File] /Users/changle/Documents/htdocs/api/blog/app/controllers/Base.php
[ 2016-11-26 10:42:44 ][NORMAL][Type] Run time notice caused due to error in code. [Info] Undefined index: HTTP_VERSION [Line] 42 [File] /Users/changle/Documents/htdocs/api/blog/app/controllers/Base.php
[ 2016-11-26 10:42:44 ][NORMAL][Type] Run-time warning that does not cause script termination. [Info] array_walk_recursive() expects parameter 2 to be a valid callback, class 'Request' not found [Line] 232 [File] /Users/changle/Documents/htdocs/api/blog/vendor/kokororin/kotori-php/src/Http/Request.php
[ 2016-11-26 10:42:44 ][NORMAL][Type] Run time notice caused due to error in code. [Info] Undefined index: HTTP_AUTH_TOKEN [Line] 64 [File] /Users/changle/Documents/htdocs/api/blog/app/controllers/Base.php
[ 2016-11-26 10:42:47 ][NORMAL][Type] Exception [Info] Request URI testasd is not Matched by any route. [Line] /Users/changle/Documents/htdocs/api/blog/vendor/kokororin/kotori-php/src/Http/Route.php [File] 184
[ 2016-11-26 10:42:47 ][NORMAL][Type] Run time notice caused due to error in code. [Info] Undefined index: HTTP_IF_MODIFIED_SINCE [Line] 255 [File] /Users/changle/Documents/htdocs/api/blog/vendor/kokororin/kotori-php/src/Http/Response.php
[ 2016-11-26 10:42:47 ][NORMAL][Type] Run-time warning that does not cause script termination. [Info] file_get_contents(/Users/changle/Documents/htdocs/api/blog/vendor/kokororin/kotori-php/vendor/components/highlightjs/styles/github.css): failed to open stream: No such file or directory [Line] 170 [File] /Users/changle/Documents/htdocs/api/blog/vendor/kokororin/kotori-php/src/Http/Route.php
[ 2016-11-26 10:42:47 ][NORMAL][Type] Run time notice caused due to error in code. [Info] Undefined index: HTTP_IF_MODIFIED_SINCE [Line] 255 [File] /Users/changle/Documents/htdocs/api/blog/vendor/kokororin/kotori-php/src/Http/Response.php
[ 2016-11-26 10:42:47 ][NORMAL][Type] Run-time warning that does not cause script termination. [Info] file_get_contents(/Users/changle/Documents/htdocs/api/blog/vendor/kokororin/kotori-php/vendor/components/highlightjs/highlight.pack.min.js): failed to open stream: No such file or directory [Line] 175 [File] /Users/changle/Documents/htdocs/api/blog/vendor/kokororin/kotori-php/src/Http/Route.php
[ 2016-11-26 10:44:42 ][NORMAL][Type] Exception [Info] Request URI testasd is not Matched by any route. [Line] /Users/changle/Documents/htdocs/api/blog/vendor/kokororin/kotori-php/src/Http/Route.php [File] 184
[ 2016-11-26 10:44:42 ][NORMAL][Type] Run time notice caused due to error in code. [Info] Undefined index: HTTP_IF_MODIFIED_SINCE [Line] 255 [File] /Users/changle/Documents/htdocs/api/blog/vendor/kokororin/kotori-php/src/Http/Response.php
[ 2016-11-26 10:44:42 ][NORMAL][Type] Run-time warning that does not cause script termination. [Info] file_get_contents(/Users/changle/Documents/htdocs/api/blog/vendor/kokororin/kotori-php/vendor/components/highlightjs/styles/github.css): failed to open stream: No such file or directory [Line] 170 [File] /Users/changle/Documents/htdocs/api/blog/vendor/kokororin/kotori-php/src/Http/Route.php
