[ 2016-11-23 12:46:41 ][NORMAL][Type] Exception [Info] Request URI / is not Matched by any route. [Line] /Users/changle/Documents/htdocs/api/blog/vendor/kokororin/kotori-php/src/Http/Route.php [File] 175
[ 2016-11-23 14:01:46 ][NORMAL][Type] Run time notice caused due to error in code. [Info] Undefined index: HTTP_VERSION [Line] 41 [File] /Users/changle/Documents/htdocs/api/blog/app/controllers/Base.php
[ 2016-11-23 14:01:46 ][NORMAL][Type] Run-time warning that does not cause script termination. [Info] array_walk_recursive() expects parameter 2 to be a valid callback, class 'Request' not found [Line] 232 [File] /Users/changle/Documents/htdocs/api/blog/vendor/kokororin/kotori-php/src/Http/Request.php
[ 2016-11-23 14:01:46 ][NORMAL][Type] Run time notice caused due to error in code. [Info] Undefined index: HTTP_AUTH_TOKEN [Line] 63 [File] /Users/changle/Documents/htdocs/api/blog/app/controllers/Base.php
[ 2016-11-23 14:01:46 ][NORMAL][Type] Run-time notices. [Info] Declaration of Category_model::has() should be compatible with Base_model::has($table, $where) [Line] 3 [File] /Users/changle/Documents/htdocs/api/blog/app/models/Category_model.php
[ 2016-11-23 14:01:46 ][NORMAL][Type] Run-time notices. [Info] Declaration of Category_model::update() should be compatible with Base_model::update($table, $data, $where = Array) [Line] 3 [File] /Users/changle/Documents/htdocs/api/blog/app/models/Category_model.php
[ 2016-11-23 14:01:46 ][SQL]SELECT EXISTS(SELECT 1 FROM "category" WHERE "id" = '1')
[ 2016-11-23 14:01:46 ][NORMAL][Type] Run-time notices. [Info] Declaration of Article_model::has() should be compatible with Base_model::has($table, $where) [Line] 343 [File] /Users/changle/Documents/htdocs/api/blog/app/models/Article_model.php
[ 2016-11-23 14:01:46 ][NORMAL][Type] Run-time notices. [Info] Declaration of Article_model::insert() should be compatible with Base_model::insert($table, $data) [Line] 343 [File] /Users/changle/Documents/htdocs/api/blog/app/models/Article_model.php
[ 2016-11-23 14:01:46 ][NORMAL][Type] Run-time notices. [Info] Declaration of Article_model::update() should be compatible with Base_model::update($table, $data, $where = Array) [Line] 343 [File] /Users/changle/Documents/htdocs/api/blog/app/models/Article_model.php
[ 2016-11-23 14:01:46 ][NORMAL][Type] Run-time notices. [Info] Declaration of Article_model::select() should be compatible with Base_model::select($table, $columns, $where = Array) [Line] 343 [File] /Users/changle/Documents/htdocs/api/blog/app/models/Article_model.php
[ 2016-11-23 14:01:46 ][NORMAL][Type] Run time notice caused due to error in code. [Info] Constant DEFAULT_CATEGORY_ID already defined [Line] 9 [File] /Users/changle/Documents/htdocs/api/blog/app/models/Base_model.php
[ 2016-11-23 14:01:46 ][SQL]SELECT "id","title","body","cover","profile","created_at","updated_at","user_id" FROM "articles" WHERE "category_id" = '1' ORDER BY "created_at" DESC
[ 2016-11-23 14:01:51 ][NORMAL][Type] Run time notice caused due to error in code. [Info] Undefined index: HTTP_VERSION [Line] 41 [File] /Users/changle/Documents/htdocs/api/blog/app/controllers/Base.php
[ 2016-11-23 14:01:51 ][NORMAL][Type] Run-time warning that does not cause script termination. [Info] array_walk_recursive() expects parameter 2 to be a valid callback, class 'Request' not found [Line] 232 [File] /Users/changle/Documents/htdocs/api/blog/vendor/kokororin/kotori-php/src/Http/Request.php
[ 2016-11-23 14:01:51 ][NORMAL][Type] Run time notice caused due to error in code. [Info] Undefined index: HTTP_AUTH_TOKEN [Line] 63 [File] /Users/changle/Documents/htdocs/api/blog/app/controllers/Base.php
[ 2016-11-23 14:01:51 ][NORMAL][Type] Run-time notices. [Info] Declaration of Category_model::has() should be compatible with Base_model::has($table, $where) [Line] 3 [File] /Users/changle/Documents/htdocs/api/blog/app/models/Category_model.php
[ 2016-11-23 14:01:51 ][NORMAL][Type] Run-time notices. [Info] Declaration of Category_model::update() should be compatible with Base_model::update($table, $data, $where = Array) [Line] 3 [File] /Users/changle/Documents/htdocs/api/blog/app/models/Category_model.php
[ 2016-11-23 14:01:51 ][SQL]SELECT EXISTS(SELECT 1 FROM "category" WHERE "id" = '1')
[ 2016-11-23 14:01:51 ][NORMAL][Type] Run-time notices. [Info] Declaration of Article_model::has() should be compatible with Base_model::has($table, $where) [Line] 343 [File] /Users/changle/Documents/htdocs/api/blog/app/models/Article_model.php
[ 2016-11-23 14:01:51 ][NORMAL][Type] Run-time notices. [Info] Declaration of Article_model::insert() should be compatible with Base_model::insert($table, $data) [Line] 343 [File] /Users/changle/Documents/htdocs/api/blog/app/models/Article_model.php
[ 2016-11-23 14:01:51 ][NORMAL][Type] Run-time notices. [Info] Declaration of Article_model::update() should be compatible with Base_model::update($table, $data, $where = Array) [Line] 343 [File] /Users/changle/Documents/htdocs/api/blog/app/models/Article_model.php
[ 2016-11-23 14:01:51 ][NORMAL][Type] Run-time notices. [Info] Declaration of Article_model::select() should be compatible with Base_model::select($table, $columns, $where = Array) [Line] 343 [File] /Users/changle/Documents/htdocs/api/blog/app/models/Article_model.php
[ 2016-11-23 14:01:51 ][NORMAL][Type] Run time notice caused due to error in code. [Info] Constant DEFAULT_CATEGORY_ID already defined [Line] 9 [File] /Users/changle/Documents/htdocs/api/blog/app/models/Base_model.php
[ 2016-11-23 14:01:51 ][SQL]SELECT "id","title","body","cover","profile","created_at","updated_at","user_id" FROM "articles" WHERE "category_id" = '1' ORDER BY "created_at" DESC
[ 2016-11-23 14:02:04 ][NORMAL][Type] Run time notice caused due to error in code. [Info] Undefined index: HTTP_VERSION [Line] 41 [File] /Users/changle/Documents/htdocs/api/blog/app/controllers/Base.php
[ 2016-11-23 14:02:04 ][NORMAL][Type] Run-time warning that does not cause script termination. [Info] array_walk_recursive() expects parameter 2 to be a valid callback, class 'Request' not found [Line] 232 [File] /Users/changle/Documents/htdocs/api/blog/vendor/kokororin/kotori-php/src/Http/Request.php
[ 2016-11-23 14:02:04 ][NORMAL][Type] Run time notice caused due to error in code. [Info] Undefined index: HTTP_AUTH_TOKEN [Line] 63 [File] /Users/changle/Documents/htdocs/api/blog/app/controllers/Base.php
[ 2016-11-23 14:02:04 ][NORMAL][Type] Run-time notices. [Info] Declaration of Category_model::has() should be compatible with Base_model::has($table, $where) [Line] 3 [File] /Users/changle/Documents/htdocs/api/blog/app/models/Category_model.php
[ 2016-11-23 14:02:04 ][NORMAL][Type] Run-time notices. [Info] Declaration of Category_model::update() should be compatible with Base_model::update($table, $data, $where = Array) [Line] 3 [File] /Users/changle/Documents/htdocs/api/blog/app/models/Category_model.php
[ 2016-11-23 14:02:04 ][SQL]SELECT EXISTS(SELECT 1 FROM "category" WHERE "id" = '1')
[ 2016-11-23 14:02:04 ][NORMAL][Type] Run-time notices. [Info] Declaration of Article_model::has() should be compatible with Base_model::has($table, $where) [Line] 343 [File] /Users/changle/Documents/htdocs/api/blog/app/models/Article_model.php
[ 2016-11-23 14:02:04 ][NORMAL][Type] Run-time notices. [Info] Declaration of Article_model::insert() should be compatible with Base_model::insert($table, $data) [Line] 343 [File] /Users/changle/Documents/htdocs/api/blog/app/models/Article_model.php
[ 2016-11-23 14:02:04 ][NORMAL][Type] Run-time notices. [Info] Declaration of Article_model::update() should be compatible with Base_model::update($table, $data, $where = Array) [Line] 343 [File] /Users/changle/Documents/htdocs/api/blog/app/models/Article_model.php
[ 2016-11-23 14:02:04 ][NORMAL][Type] Run-time notices. [Info] Declaration of Article_model::select() should be compatible with Base_model::select($table, $columns, $where = Array) [Line] 343 [File] /Users/changle/Documents/htdocs/api/blog/app/models/Article_model.php
[ 2016-11-23 14:02:04 ][NORMAL][Type] Run time notice caused due to error in code. [Info] Constant DEFAULT_CATEGORY_ID already defined [Line] 9 [File] /Users/changle/Documents/htdocs/api/blog/app/models/Base_model.php
[ 2016-11-23 14:02:04 ][SQL]SELECT "id","title","body","cover","profile","created_at","updated_at","user_id" FROM "articles" WHERE "category_id" = '1' ORDER BY "created_at" DESC
